# JRE version: Java(TM) SE Runtime Environment (8.0_211-b12) (build 1.8.0_211-b12)
# Java VM: Java HotSpot(TM) 64-Bit Server VM (25.211-b12 mixed mode windows-amd64 compressed oops)
Heap:
 PSYoungGen      total 474624K, used 341317K [0x00000000d5c00000, 0x00000000fb900000, 0x0000000100000000)
  eden space 332800K, 92% used [0x00000000d5c00000,0x00000000e8915c50,0x00000000ea100000)
  from space 141824K, 23% used [0x00000000f2480000,0x00000000f44bb928,0x00000000faf00000)
  to   space 134656K, 0% used [0x00000000ea100000,0x00000000ea100000,0x00000000f2480000)
 ParOldGen       total 540672K, used 309229K [0x0000000081400000, 0x00000000a2400000, 0x00000000d5c00000)
  object space 540672K, 57% used [0x0000000081400000,0x00000000941fb508,0x00000000a2400000)
 Metaspace       used 21222K, capacity 21498K, committed 21888K, reserved 1069056K
  class space    used 2050K, capacity 2119K, committed 2176K, reserved 1048576K
GC Heap History (10 events):
Event: 4.360 GC heap before
{Heap before GC invocations=11 (full 1):
 PSYoungGen      total 286720K, used 274240K [0x00000000d5c00000, 0x00000000f4f00000, 0x0000000100000000)
  eden space 253952K, 98% used [0x00000000d5c00000,0x00000000e50f1808,0x00000000e5400000)
  from space 32768K, 71% used [0x00000000e5400000,0x00000000e6ade9b8,0x00000000e7400000)
  to   space 52224K, 0% used [0x00000000f1c00000,0x00000000f1c00000,0x00000000f4f00000)
 ParOldGen       total 171520K, used 87475K [0x0000000081400000, 0x000000008bb80000, 0x00000000d5c00000)
  object space 171520K, 51% used [0x0000000081400000,0x000000008696ced0,0x000000008bb80000)
 Metaspace       used 17684K, capacity 17904K, committed 18304K, reserved 1064960K
  class space    used 1776K, capacity 1862K, committed 1920K, reserved 1048576K
Event: 4.483 GC heap after
Heap after GC invocations=11 (full 1):
 PSYoungGen      total 349696K, used 52223K [0x00000000d5c00000, 0x00000000f4f00000, 0x0000000100000000)
  eden space 297472K, 0% used [0x00000000d5c00000,0x00000000d5c00000,0x00000000e7e80000)
  from space 52224K, 99% used [0x00000000f1c00000,0x00000000f4efffd0,0x00000000f4f00000)
  to   space 80896K, 0% used [0x00000000eb100000,0x00000000eb100000,0x00000000f0000000)
 ParOldGen       total 171520K, used 142645K [0x0000000081400000, 0x000000008bb80000, 0x00000000d5c00000)
  object space 171520K, 83% used [0x0000000081400000,0x0000000089f4d668,0x000000008bb80000)
 Metaspace       used 17684K, capacity 17904K, committed 18304K, reserved 1064960K
  class space    used 1776K, capacity 1862K, committed 1920K, reserved 1048576K
}
Event: 4.483 GC heap before
{Heap before GC invocations=12 (full 2):
 PSYoungGen      total 349696K, used 52223K [0x00000000d5c00000, 0x00000000f4f00000, 0x0000000100000000)
  eden space 297472K, 0% used [0x00000000d5c00000,0x00000000d5c00000,0x00000000e7e80000)
  from space 52224K, 99% used [0x00000000f1c00000,0x00000000f4efffd0,0x00000000f4f00000)
  to   space 80896K, 0% used [0x00000000eb100000,0x00000000eb100000,0x00000000f0000000)
 ParOldGen       total 171520K, used 142645K [0x0000000081400000, 0x000000008bb80000, 0x00000000d5c00000)
  object space 171520K, 83% used [0x0000000081400000,0x0000000089f4d668,0x000000008bb80000)
 Metaspace       used 17684K, capacity 17904K, committed 18304K, reserved 1064960K
  class space    used 1776K, capacity 1862K, committed 1920K, reserved 1048576K
Event: 5.531 GC heap after
Heap after GC invocations=12 (full 2):
 PSYoungGen      total 349696K, used 0K [0x00000000d5c00000, 0x00000000f4f00000, 0x0000000100000000)
  eden space 297472K, 0% used [0x00000000d5c00000,0x00000000d5c00000,0x00000000e7e80000)
  from space 52224K, 0% used [0x00000000f1c00000,0x00000000f1c00000,0x00000000f4f00000)
  to   space 80896K, 0% used [0x00000000eb100000,0x00000000eb100000,0x00000000f0000000)
 ParOldGen       total 300032K, used 152788K [0x0000000081400000, 0x0000000093900000, 0x00000000d5c00000)
  object space 300032K, 50% used [0x0000000081400000,0x000000008a935310,0x0000000093900000)
 Metaspace       used 17684K, capacity 17904K, committed 18304K, reserved 1064960K
  class space    used 1776K, capacity 1862K, committed 1920K, reserved 1048576K
}
Event: 6.680 GC heap before
{Heap before GC invocations=13 (full 2):
 PSYoungGen      total 349696K, used 296959K [0x00000000d5c00000, 0x00000000f4f00000, 0x0000000100000000)
  eden space 297472K, 99% used [0x00000000d5c00000,0x00000000e7dfffc8,0x00000000e7e80000)
  from space 52224K, 0% used [0x00000000f1c00000,0x00000000f1c00000,0x00000000f4f00000)
  to   space 80896K, 0% used [0x00000000eb100000,0x00000000eb100000,0x00000000f0000000)
 ParOldGen       total 300032K, used 152788K [0x0000000081400000, 0x0000000093900000, 0x00000000d5c00000)
  object space 300032K, 50% used [0x0000000081400000,0x000000008a935310,0x0000000093900000)
 Metaspace       used 18219K, capacity 18448K, committed 18816K, reserved 1067008K
  class space    used 1814K, capacity 1894K, committed 1920K, reserved 1048576K
Event: 6.818 GC heap after
Heap after GC invocations=13 (full 2):
 PSYoungGen      total 406528K, used 80889K [0x00000000d5c00000, 0x00000000faf00000, 0x0000000100000000)
  eden space 325632K, 0% used [0x00000000d5c00000,0x00000000d5c00000,0x00000000e9a00000)
  from space 80896K, 99% used [0x00000000eb100000,0x00000000efffe660,0x00000000f0000000)
  to   space 141824K, 0% used [0x00000000f2480000,0x00000000f2480000,0x00000000faf00000)
 ParOldGen       total 300032K, used 279308K [0x0000000081400000, 0x0000000093900000, 0x00000000d5c00000)
  object space 300032K, 93% used [0x0000000081400000,0x00000000924c3310,0x0000000093900000)
 Metaspace       used 18219K, capacity 18448K, committed 18816K, reserved 1067008K
  class space    used 1814K, capacity 1894K, committed 1920K, reserved 1048576K
}
Event: 6.818 GC heap before
{Heap before GC invocations=14 (full 3):
 PSYoungGen      total 406528K, used 80889K [0x00000000d5c00000, 0x00000000faf00000, 0x0000000100000000)
  eden space 325632K, 0% used [0x00000000d5c00000,0x00000000d5c00000,0x00000000e9a00000)
  from space 80896K, 99% used [0x00000000eb100000,0x00000000efffe660,0x00000000f0000000)
  to   space 141824K, 0% used [0x00000000f2480000,0x00000000f2480000,0x00000000faf00000)
 ParOldGen       total 300032K, used 279308K [0x0000000081400000, 0x0000000093900000, 0x00000000d5c00000)
  object space 300032K, 93% used [0x0000000081400000,0x00000000924c3310,0x0000000093900000)
 Metaspace       used 18219K, capacity 18448K, committed 18816K, reserved 1067008K
  class space    used 1814K, capacity 1894K, committed 1920K, reserved 1048576K
Event: 8.350 GC heap after
Heap after GC invocations=14 (full 3):
 PSYoungGen      total 406528K, used 9201K [0x00000000d5c00000, 0x00000000faf00000, 0x0000000100000000)
  eden space 325632K, 0% used [0x00000000d5c00000,0x00000000d5c00000,0x00000000e9a00000)
  from space 80896K, 11% used [0x00000000eb100000,0x00000000eb9fc648,0x00000000f0000000)
  to   space 141824K, 0% used [0x00000000f2480000,0x00000000f2480000,0x00000000faf00000)
 ParOldGen       total 540672K, used 299965K [0x0000000081400000, 0x00000000a2400000, 0x00000000d5c00000)
  object space 540672K, 55% used [0x0000000081400000,0x00000000938ef508,0x00000000a2400000)
 Metaspace       used 18219K, capacity 18448K, committed 18816K, reserved 1067008K
  class space    used 1814K, capacity 1894K, committed 1920K, reserved 1048576K
}
Event: 8.842 GC heap before
{Heap before GC invocations=15 (full 3):
 PSYoungGen      total 406528K, used 334833K [0x00000000d5c00000, 0x00000000faf00000, 0x0000000100000000)
  eden space 325632K, 100% used [0x00000000d5c00000,0x00000000e9a00000,0x00000000e9a00000)
  from space 80896K, 11% used [0x00000000eb100000,0x00000000eb9fc648,0x00000000f0000000)
  to   space 141824K, 0% used [0x00000000f2480000,0x00000000f2480000,0x00000000faf00000)
 ParOldGen       total 540672K, used 299965K [0x0000000081400000, 0x00000000a2400000, 0x00000000d5c00000)
  object space 540672K, 55% used [0x0000000081400000,0x00000000938ef508,0x00000000a2400000)
 Metaspace       used 18316K, capacity 18544K, committed 18944K, reserved 1067008K
  class space    used 1824K, capacity 1926K, committed 2048K, reserved 1048576K
Event: 8.895 GC heap after
Heap after GC invocations=15 (full 3):
 PSYoungGen      total 474624K, used 33006K [0x00000000d5c00000, 0x00000000fb900000, 0x0000000100000000)
  eden space 332800K, 0% used [0x00000000d5c00000,0x00000000d5c00000,0x00000000ea100000)
  from space 141824K, 23% used [0x00000000f2480000,0x00000000f44bb928,0x00000000faf00000)
  to   space 134656K, 0% used [0x00000000ea100000,0x00000000ea100000,0x00000000f2480000)
 ParOldGen       total 540672K, used 309229K [0x0000000081400000, 0x00000000a2400000, 0x00000000d5c00000)
  object space 540672K, 57% used [0x0000000081400000,0x00000000941fb508,0x00000000a2400000)
 Metaspace       used 18316K, capacity 18544K, committed 18944K, reserved 1067008K
  class space    used 1824K, capacity 1926K, committed 2048K, reserved 1048576K
}

