# JRE version: Java(TM) SE Runtime Environment (8.0_211-b12) (build 1.8.0_211-b12)
# Java VM: Java HotSpot(TM) 64-Bit Server VM (25.211-b12 mixed mode windows-amd64 compressed oops)
Heap:
 PSYoungGen      total 458752K, used 77890K [0x00000000d5c00000, 0x00000000f9e00000, 0x0000000100000000)
  eden space 324608K, 9% used [0x00000000d5c00000,0x00000000d79d8828,0x00000000e9900000)
  from space 134144K, 35% used [0x00000000e9900000,0x00000000ec738378,0x00000000f1c00000)
  to   space 125952K, 0% used [0x00000000f2300000,0x00000000f2300000,0x00000000f9e00000)
 ParOldGen       total 547840K, used 302697K [0x0000000081400000, 0x00000000a2b00000, 0x00000000d5c00000)
  object space 547840K, 55% used [0x0000000081400000,0x0000000093b9a6f0,0x00000000a2b00000)
 Metaspace       used 21291K, capacity 21498K, committed 21888K, reserved 1069056K
  class space    used 2053K, capacity 2119K, committed 2176K, reserved 1048576K
GC Heap History (10 events):
Event: 4.736 GC heap before
{Heap before GC invocations=12 (full 2):
 PSYoungGen      total 344064K, used 52732K [0x00000000d5c00000, 0x00000000f5100000, 0x0000000100000000)
  eden space 291328K, 0% used [0x00000000d5c00000,0x00000000d5c00000,0x00000000e7880000)
  from space 52736K, 99% used [0x00000000f1d80000,0x00000000f50ff278,0x00000000f5100000)
  to   space 84992K, 0% used [0x00000000eab00000,0x00000000eab00000,0x00000000efe00000)
 ParOldGen       total 168960K, used 145871K [0x0000000081400000, 0x000000008b900000, 0x00000000d5c00000)
  object space 168960K, 86% used [0x0000000081400000,0x000000008a273f18,0x000000008b900000)
 Metaspace       used 17680K, capacity 17904K, committed 18304K, reserved 1064960K
  class space    used 1776K, capacity 1862K, committed 1920K, reserved 1048576K
Event: 6.163 GC heap after
Heap after GC invocations=12 (full 2):
 PSYoungGen      total 344064K, used 0K [0x00000000d5c00000, 0x00000000f5100000, 0x0000000100000000)
  eden space 291328K, 0% used [0x00000000d5c00000,0x00000000d5c00000,0x00000000e7880000)
  from space 52736K, 0% used [0x00000000f1d80000,0x00000000f1d80000,0x00000000f5100000)
  to   space 84992K, 0% used [0x00000000eab00000,0x00000000eab00000,0x00000000efe00000)
 ParOldGen       total 306176K, used 152790K [0x0000000081400000, 0x0000000093f00000, 0x00000000d5c00000)
  object space 306176K, 49% used [0x0000000081400000,0x000000008a935b20,0x0000000093f00000)
 Metaspace       used 17680K, capacity 17904K, committed 18304K, reserved 1064960K
  class space    used 1776K, capacity 1862K, committed 1920K, reserved 1048576K
}
Event: 6.711 GC heap before
{Heap before GC invocations=13 (full 2):
 PSYoungGen      total 344064K, used 291328K [0x00000000d5c00000, 0x00000000f5100000, 0x0000000100000000)
  eden space 291328K, 100% used [0x00000000d5c00000,0x00000000e7880000,0x00000000e7880000)
  from space 52736K, 0% used [0x00000000f1d80000,0x00000000f1d80000,0x00000000f5100000)
  to   space 84992K, 0% used [0x00000000eab00000,0x00000000eab00000,0x00000000efe00000)
 ParOldGen       total 306176K, used 152790K [0x0000000081400000, 0x0000000093f00000, 0x00000000d5c00000)
  object space 306176K, 49% used [0x0000000081400000,0x000000008a935b20,0x0000000093f00000)
 Metaspace       used 18215K, capacity 18448K, committed 18816K, reserved 1067008K
  class space    used 1814K, capacity 1894K, committed 1920K, reserved 1048576K
Event: 6.856 GC heap after
Heap after GC invocations=13 (full 2):
 PSYoungGen      total 400896K, used 84985K [0x00000000d5c00000, 0x00000000fa780000, 0x0000000100000000)
  eden space 315904K, 0% used [0x00000000d5c00000,0x00000000d5c00000,0x00000000e9080000)
  from space 84992K, 99% used [0x00000000eab00000,0x00000000efdfe660,0x00000000efe00000)
  to   space 142848K, 0% used [0x00000000f1c00000,0x00000000f1c00000,0x00000000fa780000)
 ParOldGen       total 306176K, used 268678K [0x0000000081400000, 0x0000000093f00000, 0x00000000d5c00000)
  object space 306176K, 87% used [0x0000000081400000,0x0000000091a61b20,0x0000000093f00000)
 Metaspace       used 18215K, capacity 18448K, committed 18816K, reserved 1067008K
  class space    used 1814K, capacity 1894K, committed 1920K, reserved 1048576K
}
Event: 6.857 GC heap before
{Heap before GC invocations=14 (full 3):
 PSYoungGen      total 400896K, used 84985K [0x00000000d5c00000, 0x00000000fa780000, 0x0000000100000000)
  eden space 315904K, 0% used [0x00000000d5c00000,0x00000000d5c00000,0x00000000e9080000)
  from space 84992K, 99% used [0x00000000eab00000,0x00000000efdfe660,0x00000000efe00000)
  to   space 142848K, 0% used [0x00000000f1c00000,0x00000000f1c00000,0x00000000fa780000)
 ParOldGen       total 306176K, used 268678K [0x0000000081400000, 0x0000000093f00000, 0x00000000d5c00000)
  object space 306176K, 87% used [0x0000000081400000,0x0000000091a61b20,0x0000000093f00000)
 Metaspace       used 18215K, capacity 18448K, committed 18816K, reserved 1067008K
  class space    used 1814K, capacity 1894K, committed 1920K, reserved 1048576K
Event: 8.545 GC heap after
Heap after GC invocations=14 (full 3):
 PSYoungGen      total 400896K, used 0K [0x00000000d5c00000, 0x00000000fa780000, 0x0000000100000000)
  eden space 315904K, 0% used [0x00000000d5c00000,0x00000000d5c00000,0x00000000e9080000)
  from space 84992K, 0% used [0x00000000eab00000,0x00000000eab00000,0x00000000efe00000)
  to   space 142848K, 0% used [0x00000000f1c00000,0x00000000f1c00000,0x00000000fa780000)
 ParOldGen       total 547840K, used 302681K [0x0000000081400000, 0x00000000a2b00000, 0x00000000d5c00000)
  object space 547840K, 55% used [0x0000000081400000,0x0000000093b966f0,0x00000000a2b00000)
 Metaspace       used 18215K, capacity 18448K, committed 18816K, reserved 1067008K
  class space    used 1814K, capacity 1894K, committed 1920K, reserved 1048576K
}
Event: 9.641 GC heap before
{Heap before GC invocations=15 (full 3):
 PSYoungGen      total 400896K, used 315904K [0x00000000d5c00000, 0x00000000fa780000, 0x0000000100000000)
  eden space 315904K, 100% used [0x00000000d5c00000,0x00000000e9080000,0x00000000e9080000)
  from space 84992K, 0% used [0x00000000eab00000,0x00000000eab00000,0x00000000efe00000)
  to   space 142848K, 0% used [0x00000000f1c00000,0x00000000f1c00000,0x00000000fa780000)
 ParOldGen       total 547840K, used 302681K [0x0000000081400000, 0x00000000a2b00000, 0x00000000d5c00000)
  object space 547840K, 55% used [0x0000000081400000,0x0000000093b966f0,0x00000000a2b00000)
 Metaspace       used 18316K, capacity 18544K, committed 18944K, reserved 1067008K
  class space    used 1824K, capacity 1926K, committed 2048K, reserved 1048576K
Event: 9.674 GC heap after
Heap after GC invocations=15 (full 3):
 PSYoungGen      total 467456K, used 41587K [0x00000000d5c00000, 0x00000000fa980000, 0x0000000100000000)
  eden space 324608K, 0% used [0x00000000d5c00000,0x00000000d5c00000,0x00000000e9900000)
  from space 142848K, 29% used [0x00000000f1c00000,0x00000000f449cd58,0x00000000fa780000)
  to   space 134144K, 0% used [0x00000000e9900000,0x00000000e9900000,0x00000000f1c00000)
 ParOldGen       total 547840K, used 302689K [0x0000000081400000, 0x00000000a2b00000, 0x00000000d5c00000)
  object space 547840K, 55% used [0x0000000081400000,0x0000000093b986f0,0x00000000a2b00000)
 Metaspace       used 18316K, capacity 18544K, committed 18944K, reserved 1067008K
  class space    used 1824K, capacity 1926K, committed 2048K, reserved 1048576K
}
Event: 61.289 GC heap before
{Heap before GC invocations=16 (full 3):
 PSYoungGen      total 467456K, used 366195K [0x00000000d5c00000, 0x00000000fa980000, 0x0000000100000000)
  eden space 324608K, 100% used [0x00000000d5c00000,0x00000000e9900000,0x00000000e9900000)
  from space 142848K, 29% used [0x00000000f1c00000,0x00000000f449cd58,0x00000000fa780000)
  to   space 134144K, 0% used [0x00000000e9900000,0x00000000e9900000,0x00000000f1c00000)
 ParOldGen       total 547840K, used 302689K [0x0000000081400000, 0x00000000a2b00000, 0x00000000d5c00000)
  object space 547840K, 55% used [0x0000000081400000,0x0000000093b986f0,0x00000000a2b00000)
 Metaspace       used 21233K, capacity 21498K, committed 21888K, reserved 1069056K
  class space    used 2048K, capacity 2119K, committed 2176K, reserved 1048576K
Event: 61.315 GC heap after
Heap after GC invocations=16 (full 3):
 PSYoungGen      total 458752K, used 47328K [0x00000000d5c00000, 0x00000000f9e00000, 0x0000000100000000)
  eden space 324608K, 0% used [0x00000000d5c00000,0x00000000d5c00000,0x00000000e9900000)
  from space 134144K, 35% used [0x00000000e9900000,0x00000000ec738378,0x00000000f1c00000)
  to   space 125952K, 0% used [0x00000000f2300000,0x00000000f2300000,0x00000000f9e00000)
 ParOldGen       total 547840K, used 302697K [0x0000000081400000, 0x00000000a2b00000, 0x00000000d5c00000)
  object space 547840K, 55% used [0x0000000081400000,0x0000000093b9a6f0,0x00000000a2b00000)
 Metaspace       used 21233K, capacity 21498K, committed 21888K, reserved 1069056K
  class space    used 2048K, capacity 2119K, committed 2176K, reserved 1048576K
}

